2017-12-357 06:09:36 INFO  TC001_VerifyLoginWithInvalidCredentials:28 - ============Starting verifyLoginWithInvalidCredentials test============
2017-12-357 06:10:20 INFO  HomePage:37 - Clicked on signIn link:Proxy element for: DefaultElementLocator 'By.xpath: //*[@id='signin_info']'
2017-12-357 06:10:20 INFO  HomePage:39 - Provided the uname:[[ChromeDriver: chrome on XP (e0f9bf07248c1200efd3cec5bc77dca8)] -> xpath: //*[@id='login1']]
2017-12-357 06:10:20 INFO  HomePage:41 - Provided the Password:[[ChromeDriver: chrome on XP (e0f9bf07248c1200efd3cec5bc77dca8)] -> xpath: //*[@id='password']]
2017-12-357 06:11:04 INFO  HomePage:43 - Clicked the Go button:Proxy element for: DefaultElementLocator 'By.xpath: //input[@value='Go']'
2017-12-357 06:11:04 INFO  TC001_VerifyLoginWithInvalidCredentials:32 - ============Finished verifyLoginWithInvalidCredentials test============
2017-12-357 06:14:58 INFO  TC001_VerifyLoginWithInvalidCredentials:28 - ============Starting verifyLoginWithInvalidCredentials test============
2017-12-357 06:15:42 INFO  HomePage:37 - Clicked on signIn link:Proxy element for: DefaultElementLocator 'By.xpath: //*[@id='signin_info']'
2017-12-357 06:15:42 INFO  HomePage:39 - Provided the uname:[[ChromeDriver: chrome on XP (e38484550eca431e77cdbf2504cb6950)] -> xpath: //*[@id='login1']]
2017-12-357 06:15:43 INFO  HomePage:41 - Provided the Password:[[ChromeDriver: chrome on XP (e38484550eca431e77cdbf2504cb6950)] -> xpath: //*[@id='password']]
2017-12-357 06:16:25 INFO  HomePage:43 - Clicked the Go button:Proxy element for: DefaultElementLocator 'By.xpath: //input[@value='Go']'
2017-12-357 06:16:26 INFO  TC001_VerifyLoginWithInvalidCredentials:32 - ============Finished verifyLoginWithInvalidCredentials test============
2017-12-357 06:17:32 INFO  TC001_VerifyLoginWithInvalidCredentials:28 - ============Starting verifyLoginWithInvalidCredentials test============
2017-12-357 06:18:16 INFO  HomePage:37 - Clicked on signIn link:Proxy element for: DefaultElementLocator 'By.xpath: //*[@id='signin_info']'
2017-12-357 06:18:16 INFO  HomePage:39 - Provided the uname:[[ChromeDriver: chrome on XP (8bc0f24d39b00cf12e573f1f1a6f327c)] -> xpath: //*[@id='login1']]
2017-12-357 06:18:17 INFO  HomePage:41 - Provided the Password:[[ChromeDriver: chrome on XP (8bc0f24d39b00cf12e573f1f1a6f327c)] -> xpath: //*[@id='password']]
2017-12-357 06:18:59 INFO  HomePage:43 - Clicked the Go button:Proxy element for: DefaultElementLocator 'By.xpath: //input[@value='Go']'
2017-12-357 06:18:59 INFO  TC001_VerifyLoginWithInvalidCredentials:32 - ============Finished verifyLoginWithInvalidCredentials test============
2017-12-357 06:22:50 INFO  TC001_VerifyLoginWithInvalidCredentials:28 - ============Starting verifyLoginWithInvalidCredentials test============
2017-12-357 06:23:34 INFO  HomePage:37 - Clicked on signIn link:Proxy element for: DefaultElementLocator 'By.xpath: //*[@id='signin_info']'
2017-12-357 06:23:34 INFO  HomePage:39 - Provided the uname:[[ChromeDriver: chrome on XP (ac491c23b0baa1f3b29280925c364237)] -> xpath: //*[@id='login1']]
2017-12-357 06:23:34 INFO  HomePage:41 - Provided the Password:[[ChromeDriver: chrome on XP (ac491c23b0baa1f3b29280925c364237)] -> xpath: //*[@id='password']]
2017-12-357 06:24:18 INFO  HomePage:43 - Clicked the Go button:Proxy element for: DefaultElementLocator 'By.xpath: //input[@value='Go']'
2017-12-357 06:24:18 INFO  TC001_VerifyLoginWithInvalidCredentials:32 - ============Finished verifyLoginWithInvalidCredentials test============
2017-12-357 08:05:29 INFO  TC001_VerifyLoginWithInvalidCredentials:28 - ============Starting verifyLoginWithInvalidCredentials test============
2017-12-357 08:06:12 INFO  HomePage:37 - Clicked on signIn link:Proxy element for: DefaultElementLocator 'By.xpath: //*[@id='signin_info']'
2017-12-357 08:06:12 INFO  HomePage:39 - Provided the uname:[[ChromeDriver: chrome on XP (1facae8a82dbc41a30d03902d54fdd3a)] -> xpath: //*[@id='login1']]
2017-12-357 08:06:13 INFO  HomePage:41 - Provided the Password:[[ChromeDriver: chrome on XP (1facae8a82dbc41a30d03902d54fdd3a)] -> xpath: //*[@id='password']]
2017-12-357 08:06:55 INFO  HomePage:43 - Clicked the Go button:Proxy element for: DefaultElementLocator 'By.xpath: //input[@value='Go']'
2017-12-357 08:06:55 INFO  TC001_VerifyLoginWithInvalidCredentials:32 - ============Finished verifyLoginWithInvalidCredentials test============
2017-12-23 08:10:05 INFO  TC001_VerifyLoginWithInvalidCredentials:28 - ============Starting verifyLoginWithInvalidCredentials test============
2017-12-23 08:10:38 INFO  HomePage:37 - Clicked on signIn link:Proxy element for: DefaultElementLocator 'By.xpath: //*[@id='signin_info']'
2017-12-23 08:10:38 INFO  HomePage:39 - Provided the uname:[[ChromeDriver: chrome on XP (169901400d873f92e9d4a57abe86cb37)] -> xpath: //*[@id='login1']]
2017-12-23 08:10:38 INFO  HomePage:41 - Provided the Password:[[ChromeDriver: chrome on XP (169901400d873f92e9d4a57abe86cb37)] -> xpath: //*[@id='password']]
2017-12-23 08:11:10 INFO  HomePage:43 - Clicked the Go button:Proxy element for: DefaultElementLocator 'By.xpath: //input[@value='Go']'
2017-12-23 08:11:10 INFO  TC001_VerifyLoginWithInvalidCredentials:32 - ============Finished verifyLoginWithInvalidCredentials test============
2017-12-23 08:28:25 INFO  TC001_VerifyLoginWithInvalidCredentials:28 - ============Starting verifyLoginWithInvalidCredentials test============
2017-12-23 08:28:59 INFO  HomePage:37 - Clicked on signIn link:Proxy element for: DefaultElementLocator 'By.xpath: //*[@id='signin_info']'
2017-12-23 08:28:59 INFO  HomePage:39 - Provided the uname:[[ChromeDriver: chrome on XP (91c11664be8bfdc60dc74a914ddc88e1)] -> xpath: //*[@id='login1']]
2017-12-23 08:28:59 INFO  HomePage:41 - Provided the Password:[[ChromeDriver: chrome on XP (91c11664be8bfdc60dc74a914ddc88e1)] -> xpath: //*[@id='password']]
2017-12-23 08:29:32 INFO  HomePage:43 - Clicked the Go button:Proxy element for: DefaultElementLocator 'By.xpath: //input[@value='Go']'
2017-12-23 08:29:32 INFO  TC001_VerifyLoginWithInvalidCredentials:32 - ============Finished verifyLoginWithInvalidCredentials test============
2017-12-24 03:13:38 INFO  TC001_VerifyLoginWithInvalidCredentials:28 - ============Starting verifyLoginWithInvalidCredentials test============
2017-12-24 03:14:00 INFO  TC001_VerifyLoginWithInvalidCredentials:28 - ============Starting verifyLoginWithInvalidCredentials test============
2017-12-24 03:14:03 INFO  HomePage:37 - Clicked on signIn link:Proxy element for: DefaultElementLocator 'By.xpath: //*[@id='signin_info']'
2017-12-24 03:14:03 INFO  HomePage:39 - Provided the uname:[[ChromeDriver: chrome on XP (086fea05f63f423ed79f226ac55bc8cd)] -> xpath: //*[@id='login1']]
2017-12-24 03:14:03 INFO  HomePage:41 - Provided the Password:[[ChromeDriver: chrome on XP (086fea05f63f423ed79f226ac55bc8cd)] -> xpath: //*[@id='password']]
2017-12-24 03:14:23 INFO  HomePage:37 - Clicked on signIn link:Proxy element for: DefaultElementLocator 'By.xpath: //*[@id='signin_info']'
2017-12-24 03:14:24 INFO  HomePage:39 - Provided the uname:[[ChromeDriver: chrome on XP (24556c47ab98ddd098cc08d976521330)] -> xpath: //*[@id='login1']]
2017-12-24 03:14:24 INFO  HomePage:41 - Provided the Password:[[ChromeDriver: chrome on XP (24556c47ab98ddd098cc08d976521330)] -> xpath: //*[@id='password']]
2017-12-24 03:14:27 INFO  HomePage:43 - Clicked the Go button:Proxy element for: DefaultElementLocator 'By.xpath: //input[@value='Go']'
2017-12-24 03:14:27 INFO  TC001_VerifyLoginWithInvalidCredentials:32 - ============Finished verifyLoginWithInvalidCredentials test============
2017-12-24 03:14:47 INFO  HomePage:43 - Clicked the Go button:Proxy element for: DefaultElementLocator 'By.xpath: //input[@value='Go']'
2017-12-24 03:14:47 INFO  TC001_VerifyLoginWithInvalidCredentials:32 - ============Finished verifyLoginWithInvalidCredentials test============
============Starting verifyLoginWithInvalidCredentials test============
Clicked on signIn link:Proxy element for: DefaultElementLocator 'By.xpath: //*[@id='signin_info']'
Provided the uname:[[ChromeDriver: chrome on XP (62509404da2704e01f7dbccee5b575c8)] -> xpath: //*[@id='login1']]
Provided the Password:[[ChromeDriver: chrome on XP (62509404da2704e01f7dbccee5b575c8)] -> xpath: //*[@id='password']]
Clicked the Go button:Proxy element for: DefaultElementLocator 'By.xpath: //input[@value='Go']'
============Finished verifyLoginWithInvalidCredentials test============
28 - ============Starting verifyLoginWithInvalidCredentials test============
37 - Clicked on signIn link:Proxy element for: DefaultElementLocator 'By.xpath: //*[@id='signin_info']'
39 - Provided the uname:[[ChromeDriver: chrome on XP (3d722ab7b173889d50086a4c413811e3)] -> xpath: //*[@id='login1']]
41 - Provided the Password:[[ChromeDriver: chrome on XP (3d722ab7b173889d50086a4c413811e3)] -> xpath: //*[@id='password']]
43 - Clicked the Go button:Proxy element for: DefaultElementLocator 'By.xpath: //input[@value='Go']'
32 - ============Finished verifyLoginWithInvalidCredentials test============
com.test.automation.uiAutomation.homepage.TC001_VerifyLoginWithInvalidCredentials:28 - ============Starting verifyLoginWithInvalidCredentials test============
com.test.automation.uiAutomation.uiActions.HomePage:37 - Clicked on signIn link:Proxy element for: DefaultElementLocator 'By.xpath: //*[@id='signin_info']'
com.test.automation.uiAutomation.uiActions.HomePage:39 - Provided the uname:[[ChromeDriver: chrome on XP (70a5b9ad601437e03156f4e5aee8cd3e)] -> xpath: //*[@id='login1']]
com.test.automation.uiAutomation.uiActions.HomePage:41 - Provided the Password:[[ChromeDriver: chrome on XP (70a5b9ad601437e03156f4e5aee8cd3e)] -> xpath: //*[@id='password']]
com.test.automation.uiAutomation.uiActions.HomePage:43 - Clicked the Go button:Proxy element for: DefaultElementLocator 'By.xpath: //input[@value='Go']'
com.test.automation.uiAutomation.homepage.TC001_VerifyLoginWithInvalidCredentials:32 - ============Finished verifyLoginWithInvalidCredentials test============
homepage.TC001_VerifyLoginWithInvalidCredentials:28 - ============Starting verifyLoginWithInvalidCredentials test============
uiActions.HomePage:37 - Clicked on signIn link:Proxy element for: DefaultElementLocator 'By.xpath: //*[@id='signin_info']'
uiActions.HomePage:39 - Provided the uname:[[ChromeDriver: chrome on XP (34f3c5818ddb1e2766b9ce1c7b9ab796)] -> xpath: //*[@id='login1']]
uiActions.HomePage:41 - Provided the Password:[[ChromeDriver: chrome on XP (34f3c5818ddb1e2766b9ce1c7b9ab796)] -> xpath: //*[@id='password']]
uiActions.HomePage:43 - Clicked the Go button:Proxy element for: DefaultElementLocator 'By.xpath: //input[@value='Go']'
homepage.TC001_VerifyLoginWithInvalidCredentials:32 - ============Finished verifyLoginWithInvalidCredentials test============
INFO TC001_VerifyLoginWithInvalidCredentials:28 - ============Starting verifyLoginWithInvalidCredentials test============
INFO HomePage:37 - Clicked on signIn link:Proxy element for: DefaultElementLocator 'By.xpath: //*[@id='signin_info']'
INFO HomePage:39 - Provided the uname:[[ChromeDriver: chrome on XP (950cdf3f7a725543237920765ddeb66f)] -> xpath: //*[@id='login1']]
INFO HomePage:41 - Provided the Password:[[ChromeDriver: chrome on XP (950cdf3f7a725543237920765ddeb66f)] -> xpath: //*[@id='password']]
INFO HomePage:43 - Clicked the Go button:Proxy element for: DefaultElementLocator 'By.xpath: //input[@value='Go']'
INFO TC001_VerifyLoginWithInvalidCredentials:32 - ============Finished verifyLoginWithInvalidCredentials test============
2017=12-25 02:50:53 INFO TC001_VerifyLoginWithInvalidCredentials:28 - ============Starting verifyLoginWithInvalidCredentials test============
2017=12-25 02:51:16 INFO HomePage:37 - Clicked on signIn link:Proxy element for: DefaultElementLocator 'By.xpath: //*[@id='signin_info']'
2017=12-25 02:51:16 INFO HomePage:39 - Provided the uname:[[ChromeDriver: chrome on XP (ca3f85afff1c99e85ad8fa3d392fbc37)] -> xpath: //*[@id='login1']]
2017=12-25 02:51:16 INFO HomePage:41 - Provided the Password:[[ChromeDriver: chrome on XP (ca3f85afff1c99e85ad8fa3d392fbc37)] -> xpath: //*[@id='password']]
2017=12-25 02:51:39 INFO HomePage:43 - Clicked the Go button:Proxy element for: DefaultElementLocator 'By.xpath: //input[@value='Go']'
2017=12-25 02:51:39 INFO TC001_VerifyLoginWithInvalidCredentials:32 - ============Finished verifyLoginWithInvalidCredentials test============
2017=12-26 05:43:54 INFO TC001_VerifyLoginWithInvalidCredentials:28 - ============Starting verifyLoginWithInvalidCredentials test============
2017=12-26 05:44:18 INFO HomePage:37 - Clicked on signIn link:Proxy element for: DefaultElementLocator 'By.xpath: //*[@id='signin_info']'
2017=12-26 05:44:18 INFO HomePage:39 - Provided the uname:[[ChromeDriver: chrome on XP (0cbd2db4ba919008ec49a96f82837b70)] -> xpath: //*[@id='login1']]
2017=12-26 05:44:18 INFO HomePage:41 - Provided the Password:[[ChromeDriver: chrome on XP (0cbd2db4ba919008ec49a96f82837b70)] -> xpath: //*[@id='password']]
2017=12-26 05:44:41 INFO HomePage:43 - Clicked the Go button:Proxy element for: DefaultElementLocator 'By.xpath: //input[@value='Go']'
2017=12-26 05:44:41 INFO TC001_VerifyLoginWithInvalidCredentials:32 - ============Finished verifyLoginWithInvalidCredentials test============
2017=12-26 05:47:30 INFO TC001_VerifyLoginWithInvalidCredentials:28 - ============Starting verifyLoginWithInvalidCredentials test============
2017=12-26 05:47:53 INFO HomePage:37 - Clicked on signIn link:Proxy element for: DefaultElementLocator 'By.xpath: //*[@id='signin_info']'
2017=12-26 05:47:53 INFO HomePage:39 - Provided the uname:[[ChromeDriver: chrome on XP (25263893e0acb3dbf666793464213c58)] -> xpath: //*[@id='login1']]
2017=12-26 05:47:53 INFO HomePage:41 - Provided the Password:[[ChromeDriver: chrome on XP (25263893e0acb3dbf666793464213c58)] -> xpath: //*[@id='password']]
2017=12-26 05:48:16 INFO HomePage:43 - Clicked the Go button:Proxy element for: DefaultElementLocator 'By.xpath: //input[@value='Go']'
2017=12-26 05:48:16 INFO TC001_VerifyLoginWithInvalidCredentials:32 - ============Finished verifyLoginWithInvalidCredentials test============
2017=12-26 06:17:10 INFO TC001_VerifyLoginWithInvalidCredentials:28 - ============Starting verifyLoginWithInvalidCredentials test============
2017=12-26 06:17:33 INFO HomePage:37 - Clicked on signIn link:Proxy element for: DefaultElementLocator 'By.xpath: //*[@id='signin_info']'
2017=12-26 06:17:34 INFO HomePage:39 - Provided the uname:[[ChromeDriver: chrome on XP (f275d150f29c3d795554854ce1305942)] -> xpath: //*[@id='login1']]
2017=12-26 06:17:34 INFO HomePage:41 - Provided the Password:[[ChromeDriver: chrome on XP (f275d150f29c3d795554854ce1305942)] -> xpath: //*[@id='password']]
2017=12-26 06:17:56 INFO HomePage:43 - Clicked the Go button:Proxy element for: DefaultElementLocator 'By.xpath: //input[@value='Go']'
2017=12-26 06:17:56 INFO TC001_VerifyLoginWithInvalidCredentials:32 - ============Finished verifyLoginWithInvalidCredentials test============
2017=12-26 07:26:35 INFO TC001_VerifyLoginWithInvalidCredentials:28 - ============Starting verifyLoginWithInvalidCredentials test============
2017=12-26 07:27:00 INFO HomePage:37 - Clicked on signIn link:Proxy element for: DefaultElementLocator 'By.xpath: //*[@id='signin_info']'
2017=12-26 07:27:01 INFO HomePage:39 - Provided the uname:[[ChromeDriver: chrome on XP (b41e41e62a33ef47bae7cf22c03162c7)] -> xpath: //*[@id='login1']]
2017=12-26 07:27:01 INFO HomePage:41 - Provided the Password:[[ChromeDriver: chrome on XP (b41e41e62a33ef47bae7cf22c03162c7)] -> xpath: //*[@id='password']]
2017=12-26 07:27:24 INFO HomePage:43 - Clicked the Go button:Proxy element for: DefaultElementLocator 'By.xpath: //input[@value='Go']'
2017=12-26 07:27:24 INFO TC001_VerifyLoginWithInvalidCredentials:32 - ============Finished verifyLoginWithInvalidCredentials test============
2017=12-27 02:26:17 INFO TC001_VerifyLoginWithInvalidCredentials:28 - ============Starting verifyLoginWithInvalidCredentials test============
2017=12-27 02:26:42 INFO HomePage:37 - Clicked on signIn link:Proxy element for: DefaultElementLocator 'By.xpath: //*[@id='signin_info']'
2017=12-27 02:26:42 INFO HomePage:39 - Provided the uname:[[ChromeDriver: chrome on XP (ec364d0cf3cd84f4466518ccd21f8ad3)] -> xpath: //*[@id='login1']]
2017=12-27 02:26:42 INFO HomePage:41 - Provided the Password:[[ChromeDriver: chrome on XP (ec364d0cf3cd84f4466518ccd21f8ad3)] -> xpath: //*[@id='password']]
2017=12-27 02:27:05 INFO HomePage:43 - Clicked the Go button:Proxy element for: DefaultElementLocator 'By.xpath: //input[@value='Go']'
2017=12-27 02:27:05 INFO TC001_VerifyLoginWithInvalidCredentials:32 - ============Finished verifyLoginWithInvalidCredentials test============
2017=12-27 02:32:50 INFO TC001_VerifyLoginWithInvalidCredentials:28 - ============Starting verifyLoginWithInvalidCredentials test============
2017=12-27 02:33:14 INFO HomePage:37 - Clicked on signIn link:Proxy element for: DefaultElementLocator 'By.xpath: //*[@id='signin_info']'
2017=12-27 02:33:14 INFO HomePage:39 - Provided the uname:[[ChromeDriver: chrome on XP (1d50f4961868c7d33806269074e95487)] -> xpath: //*[@id='login1']]
2017=12-27 02:33:14 INFO HomePage:41 - Provided the Password:[[ChromeDriver: chrome on XP (1d50f4961868c7d33806269074e95487)] -> xpath: //*[@id='password']]
2017=12-27 02:33:37 INFO HomePage:43 - Clicked the Go button:Proxy element for: DefaultElementLocator 'By.xpath: //input[@value='Go']'
2017=12-27 02:33:37 INFO TC001_VerifyLoginWithInvalidCredentials:32 - ============Finished verifyLoginWithInvalidCredentials test============
2017=12-27 02:45:06 INFO TC001_VerifyLoginWithInvalidCredentials:28 - ============Starting verifyLoginWithInvalidCredentials test============
2017=12-27 02:45:30 INFO HomePage:37 - Clicked on signIn link:Proxy element for: DefaultElementLocator 'By.xpath: //*[@id='signin_info']'
2017=12-27 02:45:30 INFO HomePage:39 - Provided the uname:[[ChromeDriver: chrome on XP (a4bc29540db1744edd86101e6354598f)] -> xpath: //*[@id='login1']]
2017=12-27 02:45:30 INFO HomePage:41 - Provided the Password:[[ChromeDriver: chrome on XP (a4bc29540db1744edd86101e6354598f)] -> xpath: //*[@id='password']]
2017=12-27 02:45:53 INFO HomePage:43 - Clicked the Go button:Proxy element for: DefaultElementLocator 'By.xpath: //input[@value='Go']'
2017=12-27 02:45:53 INFO TC001_VerifyLoginWithInvalidCredentials:32 - ============Finished verifyLoginWithInvalidCredentials test============
2017=12-27 02:46:31 INFO TC001_VerifyLoginWithInvalidCredentials:28 - ============Starting verifyLoginWithInvalidCredentials test============
2017=12-27 02:46:55 INFO HomePage:37 - Clicked on signIn link:Proxy element for: DefaultElementLocator 'By.xpath: //*[@id='signin_info']'
2017=12-27 02:46:55 INFO HomePage:39 - Provided the uname:[[ChromeDriver: chrome on XP (0bdff88dbda450d29d33b64c558926e5)] -> xpath: //*[@id='login1']]
2017=12-27 02:46:56 INFO HomePage:41 - Provided the Password:[[ChromeDriver: chrome on XP (0bdff88dbda450d29d33b64c558926e5)] -> xpath: //*[@id='password']]
2017=12-27 02:47:20 INFO HomePage:43 - Clicked the Go button:Proxy element for: DefaultElementLocator 'By.xpath: //input[@value='Go']'
2017=12-27 02:47:20 INFO TC001_VerifyLoginWithInvalidCredentials:32 - ============Finished verifyLoginWithInvalidCredentials test============
2017=12-27 02:51:21 INFO TC001_VerifyLoginWithInvalidCredentials:28 - ============Starting verifyLoginWithInvalidCredentials test============
2017=12-27 02:51:46 INFO HomePage:37 - Clicked on signIn link:Proxy element for: DefaultElementLocator 'By.xpath: //*[@id='signin_info']'
2017=12-27 02:51:46 INFO HomePage:39 - Provided the uname:[[ChromeDriver: chrome on XP (b66b96da9cb465c7c26d08dcc45184e0)] -> xpath: //*[@id='login1']]
2017=12-27 02:51:47 INFO HomePage:41 - Provided the Password:[[ChromeDriver: chrome on XP (b66b96da9cb465c7c26d08dcc45184e0)] -> xpath: //*[@id='password']]
2017=12-27 02:52:13 INFO HomePage:43 - Clicked the Go button:Proxy element for: DefaultElementLocator 'By.xpath: //input[@value='Go']'
2017=12-27 02:52:13 INFO TC001_VerifyLoginWithInvalidCredentials:32 - ============Finished verifyLoginWithInvalidCredentials test============
2017=12-27 02:55:26 INFO TC001_VerifyLoginWithInvalidCredentials:28 - ============Starting verifyLoginWithInvalidCredentials test============
2017=12-27 02:55:51 INFO HomePage:37 - Clicked on signIn link:Proxy element for: DefaultElementLocator 'By.xpath: //*[@id='signin_info']'
2017=12-27 02:55:51 INFO HomePage:39 - Provided the uname:[[ChromeDriver: chrome on XP (7211afd9b4747ae41874f8f3e065ec5e)] -> xpath: //*[@id='login1']]
2017=12-27 02:55:51 INFO HomePage:41 - Provided the Password:[[ChromeDriver: chrome on XP (7211afd9b4747ae41874f8f3e065ec5e)] -> xpath: //*[@id='password']]
2017=12-27 02:56:14 INFO HomePage:43 - Clicked the Go button:Proxy element for: DefaultElementLocator 'By.xpath: //input[@value='Go']'
2017=12-27 02:56:14 INFO TC001_VerifyLoginWithInvalidCredentials:32 - ============Finished verifyLoginWithInvalidCredentials test============
2017=12-27 02:58:30 INFO TC001_VerifyLoginWithInvalidCredentials:28 - ============Starting verifyLoginWithInvalidCredentials test============
2017=12-27 02:58:53 INFO HomePage:37 - Clicked on signIn link:Proxy element for: DefaultElementLocator 'By.xpath: //*[@id='signin_info']'
2017=12-27 02:58:54 INFO HomePage:39 - Provided the uname:[[ChromeDriver: chrome on XP (5d0da97b6e6500e99c19e0734436f327)] -> xpath: //*[@id='login1']]
2017=12-27 02:58:54 INFO HomePage:41 - Provided the Password:[[ChromeDriver: chrome on XP (5d0da97b6e6500e99c19e0734436f327)] -> xpath: //*[@id='password']]
2017=12-27 02:59:17 INFO HomePage:43 - Clicked the Go button:Proxy element for: DefaultElementLocator 'By.xpath: //input[@value='Go']'
2017=12-27 03:06:02 INFO TC001_VerifyLoginWithInvalidCredentials:28 - ============Starting verifyLoginWithInvalidCredentials test============
2017=12-27 03:06:27 INFO HomePage:37 - Clicked on signIn link:Proxy element for: DefaultElementLocator 'By.xpath: //*[@id='signin_info']'
2017=12-27 03:06:27 INFO HomePage:39 - Provided the uname:[[ChromeDriver: chrome on XP (28680f347d2604f1ccf4d84ffabd6b70)] -> xpath: //*[@id='login1']]
2017=12-27 03:06:27 INFO HomePage:41 - Provided the Password:[[ChromeDriver: chrome on XP (28680f347d2604f1ccf4d84ffabd6b70)] -> xpath: //*[@id='password']]
2017=12-27 03:06:51 INFO HomePage:43 - Clicked the Go button:Proxy element for: DefaultElementLocator 'By.xpath: //input[@value='Go']'
2017=12-27 03:10:33 INFO TC001_VerifyLoginWithInvalidCredentials:28 - ============Starting verifyLoginWithInvalidCredentials test============
2017=12-27 03:10:58 INFO HomePage:37 - Clicked on signIn link:Proxy element for: DefaultElementLocator 'By.xpath: //*[@id='signin_info']'
2017=12-27 03:10:58 INFO HomePage:39 - Provided the uname:[[ChromeDriver: chrome on XP (451f3bc18fd53540923bd19727a081b5)] -> xpath: //*[@id='login1']]
2017=12-27 03:10:58 INFO HomePage:41 - Provided the Password:[[ChromeDriver: chrome on XP (451f3bc18fd53540923bd19727a081b5)] -> xpath: //*[@id='password']]
2017=12-27 03:11:22 INFO HomePage:43 - Clicked the Go button:Proxy element for: DefaultElementLocator 'By.xpath: //input[@value='Go']'
2017=12-27 03:15:34 INFO TC001_VerifyLoginWithInvalidCredentials:28 - ============Starting verifyLoginWithInvalidCredentials test============
2017=12-27 03:15:59 INFO HomePage:37 - Clicked on signIn link:Proxy element for: DefaultElementLocator 'By.xpath: //*[@id='signin_info']'
2017=12-27 03:15:59 INFO HomePage:39 - Provided the uname:[[ChromeDriver: chrome on XP (c78f47d078aa7d8e3e5fa167e36b6ff9)] -> xpath: //*[@id='login1']]
2017=12-27 03:15:59 INFO HomePage:41 - Provided the Password:[[ChromeDriver: chrome on XP (c78f47d078aa7d8e3e5fa167e36b6ff9)] -> xpath: //*[@id='password']]
2017=12-27 03:16:28 INFO HomePage:43 - Clicked the Go button:Proxy element for: DefaultElementLocator 'By.xpath: //input[@value='Go']'
2017=12-27 03:20:25 INFO TC001_VerifyLoginWithInvalidCredentials:28 - ============Starting verifyLoginWithInvalidCredentials test============
2017=12-27 03:20:49 INFO HomePage:37 - Clicked on signIn link:Proxy element for: DefaultElementLocator 'By.xpath: //*[@id='signin_info']'
2017=12-27 03:20:49 INFO HomePage:39 - Provided the uname:[[ChromeDriver: chrome on XP (7b21e701fa407af34feca27fe8828b06)] -> xpath: //*[@id='login1']]
2017=12-27 03:20:49 INFO HomePage:41 - Provided the Password:[[ChromeDriver: chrome on XP (7b21e701fa407af34feca27fe8828b06)] -> xpath: //*[@id='password']]
2017=12-27 03:21:13 INFO HomePage:43 - Clicked the Go button:Proxy element for: DefaultElementLocator 'By.xpath: //input[@value='Go']'
2017=12-27 03:25:31 INFO TC001_VerifyLoginWithInvalidCredentials:28 - ============Starting verifyLoginWithInvalidCredentials test============
2017=12-27 03:25:55 INFO HomePage:37 - Clicked on signIn link:Proxy element for: DefaultElementLocator 'By.xpath: //*[@id='signin_info']'
2017=12-27 03:25:56 INFO HomePage:39 - Provided the uname:[[ChromeDriver: chrome on XP (454d536a8d45a7fa71fda24a95a61346)] -> xpath: //*[@id='login1']]
2017=12-27 03:25:56 INFO HomePage:41 - Provided the Password:[[ChromeDriver: chrome on XP (454d536a8d45a7fa71fda24a95a61346)] -> xpath: //*[@id='password']]
2017=12-27 03:26:19 INFO HomePage:43 - Clicked the Go button:Proxy element for: DefaultElementLocator 'By.xpath: //input[@value='Go']'
2017=12-27 04:35:35 INFO TC001_VerifyLoginWithInvalidCredentials:28 - ============Starting verifyLoginWithInvalidCredentials test============
2017=12-27 04:35:59 INFO HomePage:37 - Clicked on signIn link:Proxy element for: DefaultElementLocator 'By.xpath: //*[@id='signin_info']'
2017=12-27 04:36:00 INFO HomePage:39 - Provided the uname:[[ChromeDriver: chrome on XP (8aa83bc5968efd45b99230cec2e360a6)] -> xpath: //*[@id='login1']]
2017=12-27 04:36:00 INFO HomePage:41 - Provided the Password:[[ChromeDriver: chrome on XP (8aa83bc5968efd45b99230cec2e360a6)] -> xpath: //*[@id='password']]
2017=12-27 04:36:23 INFO HomePage:43 - Clicked the Go button:Proxy element for: DefaultElementLocator 'By.xpath: //input[@value='Go']'
2017=12-27 04:40:33 INFO TC001_VerifyLoginWithInvalidCredentials:28 - ============Starting verifyLoginWithInvalidCredentials test============
2017=12-27 04:40:57 INFO HomePage:37 - Clicked on signIn link:Proxy element for: DefaultElementLocator 'By.xpath: //*[@id='signin_info']'
2017=12-27 04:40:57 INFO HomePage:39 - Provided the uname:[[ChromeDriver: chrome on XP (2d8d9f6fdcdc4e2da21859a3a017a230)] -> xpath: //*[@id='login1']]
2017=12-27 04:40:57 INFO HomePage:41 - Provided the Password:[[ChromeDriver: chrome on XP (2d8d9f6fdcdc4e2da21859a3a017a230)] -> xpath: //*[@id='password']]
2017=12-27 04:41:21 INFO HomePage:43 - Clicked the Go button:Proxy element for: DefaultElementLocator 'By.xpath: //input[@value='Go']'
2017=12-27 04:45:42 INFO TC001_VerifyLoginWithInvalidCredentials:28 - ============Starting verifyLoginWithInvalidCredentials test============
2017=12-27 04:46:06 INFO HomePage:37 - Clicked on signIn link:Proxy element for: DefaultElementLocator 'By.xpath: //*[@id='signin_info']'
2017=12-27 04:46:06 INFO HomePage:39 - Provided the uname:[[ChromeDriver: chrome on XP (421f426b370e0676f93e3020b9edf922)] -> xpath: //*[@id='login1']]
2017=12-27 04:46:07 INFO HomePage:41 - Provided the Password:[[ChromeDriver: chrome on XP (421f426b370e0676f93e3020b9edf922)] -> xpath: //*[@id='password']]
2017=12-27 04:46:30 INFO HomePage:43 - Clicked the Go button:Proxy element for: DefaultElementLocator 'By.xpath: //input[@value='Go']'
2017=12-27 04:46:30 INFO TC001_VerifyLoginWithInvalidCredentials:32 - ============Finished verifyLoginWithInvalidCredentials test============
2017=12-27 04:50:32 INFO TC001_VerifyLoginWithInvalidCredentials:28 - ============Starting verifyLoginWithInvalidCredentials test============
2017=12-27 04:50:56 INFO HomePage:37 - Clicked on signIn link:Proxy element for: DefaultElementLocator 'By.xpath: //*[@id='signin_info']'
2017=12-27 04:50:56 INFO HomePage:39 - Provided the uname:[[ChromeDriver: chrome on XP (2d0f916cdb3a5787bc594dcbc1fefd18)] -> xpath: //*[@id='login1']]
2017=12-27 04:50:56 INFO HomePage:41 - Provided the Password:[[ChromeDriver: chrome on XP (2d0f916cdb3a5787bc594dcbc1fefd18)] -> xpath: //*[@id='password']]
2017=12-27 04:51:19 INFO HomePage:43 - Clicked the Go button:Proxy element for: DefaultElementLocator 'By.xpath: //input[@value='Go']'
2017=12-27 04:51:19 INFO TC001_VerifyLoginWithInvalidCredentials:32 - ============Finished verifyLoginWithInvalidCredentials test============
2017=12-27 04:55:28 INFO TC001_VerifyLoginWithInvalidCredentials:28 - ============Starting verifyLoginWithInvalidCredentials test============
2017=12-27 04:55:51 INFO HomePage:37 - Clicked on signIn link:Proxy element for: DefaultElementLocator 'By.xpath: //*[@id='signin_info']'
2017=12-27 04:55:51 INFO HomePage:39 - Provided the uname:[[ChromeDriver: chrome on XP (7f34952d5d6b3747d2c339d7a0fbc943)] -> xpath: //*[@id='login1']]
2017=12-27 04:55:52 INFO HomePage:41 - Provided the Password:[[ChromeDriver: chrome on XP (7f34952d5d6b3747d2c339d7a0fbc943)] -> xpath: //*[@id='password']]
2017=12-27 04:56:19 INFO HomePage:43 - Clicked the Go button:Proxy element for: DefaultElementLocator 'By.xpath: //input[@value='Go']'
2017=12-27 04:56:19 INFO TC001_VerifyLoginWithInvalidCredentials:32 - ============Finished verifyLoginWithInvalidCredentials test============
